#
# There is insufficient memory for the Java Runtime Environment to continue.
# Native memory allocation (malloc) failed to allocate 985856 bytes for Chunk::new
# Possible reasons:
#   The system is out of physical RAM or swap space
#   The process is running with CompressedOops enabled, and the Java Heap may be blocking the growth of the native heap
# Possible solutions:
#   Reduce memory load on the system
#   Increase physical memory or swap space
#   Check if swap backing store is full
#   Decrease Java heap size (-Xmx/-Xms)
#   Decrease number of Java threads
#   Decrease Java thread stack sizes (-Xss)
#   Set larger code cache with -XX:ReservedCodeCacheSize=
#   JVM is running with Unscaled Compressed Oops mode in which the Java heap is
#     placed in the first 4GB address space. The Java Heap base address is the
#     maximum limit for the native heap growth. Please use -XX:HeapBaseMinAddress
#     to set the Java Heap base and to place the Java Heap above 4GB virtual address.
# This output file may be truncated or incomplete.
#
#  Out of Memory Error (allocation.cpp:389), pid=14416, tid=0x0000000000002558
#
# JRE version: OpenJDK Runtime Environment (8.0_242-b01) (build 1.8.0_242-release-1644-b01)
# Java VM: OpenJDK 64-Bit Server VM (25.242-b01 mixed mode windows-amd64 compressed oops)
# Failed to write core dump. Minidumps are not enabled by default on client versions of Windows
#

---------------  T H R E A D  ---------------

Current thread (0x000000001775a800):  JavaThread "C2 CompilerThread1" daemon [_thread_in_native, id=9560, stack(0x0000000018eb0000,0x0000000018fb0000)]

Stack: [0x0000000018eb0000,0x0000000018fb0000]
[error occurred during error reporting (printing stack bounds), id 0xc0000005]

Native frames: (J=compiled Java code, j=interpreted, Vv=VM code, C=native code)


Current CompileTask:
C2:  64772 5153 %     4       org.gradle.internal.instantiation.generator.AbstractClassGenerator::inspectType @ 107 (560 bytes)


---------------  P R O C E S S  ---------------

Java Threads: ( => current thread )
  0x000000001a100000 JavaThread "Cache worker for file content cache (C:\Users\BK\AndroidStudioProjects\Reading_teacher\.gradle\6.5\fileContent)" [_thread_blocked, id=11656, stack(0x0000000029200000,0x0000000029300000)]
  0x000000001a0ff000 JavaThread "Memory manager" [_thread_blocked, id=5624, stack(0x0000000000f90000,0x0000000001090000)]
  0x000000001a103800 JavaThread "Cache worker for Build Output Cleanup Cache (C:\Users\BK\AndroidStudioProjects\Reading_teacher\.gradle\buildOutputCleanup)" [_thread_blocked, id=6404, stack(0x0000000026320000,0x0000000026420000)]
  0x000000001a101800 JavaThread "jar transforms Thread 92" [_thread_blocked, id=14000, stack(0x0000000026020000,0x0000000026120000)]
  0x000000001a0f7800 JavaThread "jar transforms Thread 91" [_thread_blocked, id=2580, stack(0x0000000025f20000,0x0000000026020000)]
  0x000000001a0fe800 JavaThread "jar transforms Thread 90" [_thread_blocked, id=13052, stack(0x0000000025e20000,0x0000000025f20000)]
  0x000000001a0f8800 JavaThread "jar transforms Thread 89" [_thread_blocked, id=14516, stack(0x0000000025d20000,0x0000000025e20000)]
  0x000000001a0fd800 JavaThread "jar transforms Thread 88" [_thread_blocked, id=11092, stack(0x0000000025c20000,0x0000000025d20000)]
  0x000000001a0fa800 JavaThread "jar transforms Thread 87" [_thread_blocked, id=1112, stack(0x0000000025b20000,0x0000000025c20000)]
  0x000000001a0fd000 JavaThread "jar transforms Thread 86" [_thread_blocked, id=14720, stack(0x0000000025a20000,0x0000000025b20000)]
  0x000000001a0f5800 JavaThread "jar transforms Thread 85" [_thread_blocked, id=3888, stack(0x0000000025920000,0x0000000025a20000)]
  0x000000001a0fa000 JavaThread "jar transforms Thread 84" [_thread_blocked, id=8928, stack(0x0000000025820000,0x0000000025920000)]
  0x000000001a0fb800 JavaThread "jar transforms Thread 83" [_thread_blocked, id=3224, stack(0x0000000025720000,0x0000000025820000)]
  0x000000001a0f9000 JavaThread "jar transforms Thread 82" [_thread_blocked, id=11248, stack(0x0000000025620000,0x0000000025720000)]
  0x000000001a0f6000 JavaThread "jar transforms Thread 81" [_thread_blocked, id=5736, stack(0x0000000025520000,0x0000000025620000)]
  0x000000001a0f7000 JavaThread "jar transforms Thread 80" [_thread_blocked, id=8620, stack(0x0000000025420000,0x0000000025520000)]
  0x000000001a0fc000 JavaThread "jar transforms Thread 79" [_thread_blocked, id=1904, stack(0x0000000025320000,0x0000000025420000)]
  0x000000001916e800 JavaThread "jar transforms Thread 78" [_thread_blocked, id=236, stack(0x0000000025220000,0x0000000025320000)]
  0x0000000019169000 JavaThread "jar transforms Thread 77" [_thread_blocked, id=14640, stack(0x0000000025120000,0x0000000025220000)]
  0x000000001916d000 JavaThread "jar transforms Thread 76" [_thread_blocked, id=1256, stack(0x0000000025020000,0x0000000025120000)]
  0x0000000019167800 JavaThread "jar transforms Thread 75" [_thread_blocked, id=14212, stack(0x0000000024f20000,0x0000000025020000)]
  0x000000001916c000 JavaThread "jar transforms Thread 74" [_thread_blocked, id=6112, stack(0x0000000024e20000,0x0000000024f20000)]
  0x000000001916d800 JavaThread "jar transforms Thread 73" [_thread_blocked, id=10344, stack(0x0000000024d20000,0x0000000024e20000)]
  0x000000001916b800 JavaThread "jar transforms Thread 72" [_thread_blocked, id=9760, stack(0x0000000024c20000,0x0000000024d20000)]
  0x000000001916a800 JavaThread "jar transforms Thread 71" [_thread_blocked, id=8896, stack(0x0000000024b20000,0x0000000024c20000)]
  0x0000000019168800 JavaThread "jar transforms Thread 70" [_thread_blocked, id=6716, stack(0x0000000024a20000,0x0000000024b20000)]
  0x000000001916a000 JavaThread "jar transforms Thread 69" [_thread_blocked, id=15552, stack(0x0000000024920000,0x0000000024a20000)]
  0x0000000019160000 JavaThread "jar transforms Thread 68" [_thread_blocked, id=12736, stack(0x0000000024820000,0x0000000024920000)]
  0x0000000019167000 JavaThread "jar transforms Thread 67" [_thread_blocked, id=6172, stack(0x0000000024720000,0x0000000024820000)]
  0x000000001915f800 JavaThread "jar transforms Thread 66" [_thread_blocked, id=13916, stack(0x0000000024620000,0x0000000024720000)]
  0x0000000019161000 JavaThread "jar transforms Thread 65" [_thread_blocked, id=11628, stack(0x0000000024520000,0x0000000024620000)]
  0x0000000019166000 JavaThread "jar transforms Thread 64" [_thread_blocked, id=3820, stack(0x0000000024420000,0x0000000024520000)]
  0x0000000019164000 JavaThread "jar transforms Thread 63" [_thread_blocked, id=10460, stack(0x0000000024320000,0x0000000024420000)]
  0x0000000019163000 JavaThread "jar transforms Thread 62" [_thread_blocked, id=6456, stack(0x0000000024220000,0x0000000024320000)]
  0x0000000019164800 JavaThread "jar transforms Thread 61" [_thread_blocked, id=9384, stack(0x0000000024120000,0x0000000024220000)]
  0x0000000019162800 JavaThread "jar transforms Thread 60" [_thread_blocked, id=12776, stack(0x0000000024020000,0x0000000024120000)]
  0x0000000019165800 JavaThread "jar transforms Thread 59" [_thread_blocked, id=4728, stack(0x0000000023f20000,0x0000000024020000)]
  0x0000000019161800 JavaThread "jar transforms Thread 58" [_thread_blocked, id=5820, stack(0x0000000023e20000,0x0000000023f20000)]
  0x00000000199d9000 JavaThread "jar transforms Thread 57" [_thread_blocked, id=12036, stack(0x0000000023d20000,0x0000000023e20000)]
  0x00000000199d8000 JavaThread "jar transforms Thread 56" [_thread_blocked, id=8172, stack(0x0000000023c20000,0x0000000023d20000)]
  0x00000000199d7800 JavaThread "jar transforms Thread 55" [_thread_blocked, id=16100, stack(0x0000000023b20000,0x0000000023c20000)]
  0x00000000199de800 JavaThread "jar transforms Thread 54" [_thread_blocked, id=228, stack(0x0000000023a20000,0x0000000023b20000)]
  0x00000000199dd800 JavaThread "jar transforms Thread 53" [_thread_blocked, id=2712, stack(0x0000000023920000,0x0000000023a20000)]
  0x00000000199d9800 JavaThread "jar transforms Thread 52" [_thread_blocked, id=10184, stack(0x0000000023820000,0x0000000023920000)]
  0x00000000199dd000 JavaThread "jar transforms Thread 51" [_thread_blocked, id=13112, stack(0x0000000023720000,0x0000000023820000)]
  0x00000000199d6000 JavaThread "jar transforms Thread 50" [_thread_blocked, id=5804, stack(0x0000000023620000,0x0000000023720000)]
  0x00000000199da800 JavaThread "jar transforms Thread 49" [_thread_blocked, id=12268, stack(0x0000000023520000,0x0000000023620000)]
  0x00000000199d5000 JavaThread "jar transforms Thread 48" [_thread_blocked, id=9364, stack(0x0000000023420000,0x0000000023520000)]
  0x00000000199db000 JavaThread "jar transforms Thread 47" [_thread_blocked, id=2244, stack(0x0000000023320000,0x0000000023420000)]
  0x00000000199dc000 JavaThread "jar transforms Thread 46" [_thread_blocked, id=252, stack(0x0000000023220000,0x0000000023320000)]
  0x00000000199d0000 JavaThread "jar transforms Thread 45" [_thread_blocked, id=15396, stack(0x0000000023120000,0x0000000023220000)]
  0x00000000199d0800 JavaThread "jar transforms Thread 44" [_thread_blocked, id=15536, stack(0x0000000023020000,0x0000000023120000)]
  0x00000000199d4800 JavaThread "jar transforms Thread 43" [_thread_blocked, id=1788, stack(0x0000000022f20000,0x0000000023020000)]
  0x00000000199d3800 JavaThread "jar transforms Thread 42" [_thread_blocked, id=1760, stack(0x0000000022e20000,0x0000000022f20000)]
  0x00000000199d2000 JavaThread "jar transforms Thread 41" [_thread_blocked, id=5128, stack(0x0000000022d20000,0x0000000022e20000)]
  0x00000000199d3000 JavaThread "jar transforms Thread 40" [_thread_blocked, id=15872, stack(0x0000000022c20000,0x0000000022d20000)]
  0x00000000199d6800 JavaThread "jar transforms Thread 39" [_thread_blocked, id=15844, stack(0x0000000022b20000,0x0000000022c20000)]
  0x00000000199d1800 JavaThread "jar transforms Thread 38" [_thread_blocked, id=11740, stack(0x0000000022a20000,0x0000000022b20000)]
  0x00000000199cf000 JavaThread "jar transforms Thread 37" [_thread_blocked, id=11184, stack(0x0000000022920000,0x0000000022a20000)]
  0x000000001b270800 JavaThread "jar transforms Thread 36" [_thread_blocked, id=12192, stack(0x0000000022820000,0x0000000022920000)]
  0x000000001b26f800 JavaThread "jar transforms Thread 35" [_thread_blocked, id=6432, stack(0x0000000022720000,0x0000000022820000)]
  0x000000001b26f000 JavaThread "jar transforms Thread 34" [_thread_blocked, id=9248, stack(0x0000000022620000,0x0000000022720000)]
  0x000000001b267800 JavaThread "jar transforms Thread 33" [_thread_blocked, id=6064, stack(0x0000000022520000,0x0000000022620000)]
  0x000000001b26e000 JavaThread "jar transforms Thread 32" [_thread_blocked, id=14404, stack(0x0000000022420000,0x0000000022520000)]
  0x000000001b26d800 JavaThread "jar transforms Thread 31" [_thread_blocked, id=9016, stack(0x0000000022320000,0x0000000022420000)]
  0x000000001b269000 JavaThread "jar transforms Thread 30" [_thread_blocked, id=8952, stack(0x0000000022220000,0x0000000022320000)]
  0x000000001b266000 JavaThread "jar transforms Thread 29" [_thread_blocked, id=13820, stack(0x0000000022120000,0x0000000022220000)]
  0x000000001b26a800 JavaThread "jar transforms Thread 28" [_thread_blocked, id=1144, stack(0x0000000022020000,0x0000000022120000)]
  0x000000001b26c000 JavaThread "jar transforms Thread 27" [_thread_blocked, id=14092, stack(0x0000000021f20000,0x0000000022020000)]
  0x000000001b26b000 JavaThread "jar transforms Thread 26" [_thread_blocked, id=2532, stack(0x0000000021e20000,0x0000000021f20000)]
  0x000000001b269800 JavaThread "jar transforms Thread 25" [_thread_blocked, id=15368, stack(0x0000000021d20000,0x0000000021e20000)]
  0x000000001b26c800 JavaThread "jar transforms Thread 24" [_thread_blocked, id=2436, stack(0x0000000021c20000,0x0000000021d20000)]
  0x000000001b266800 JavaThread "jar transforms Thread 23" [_thread_blocked, id=12472, stack(0x0000000021b20000,0x0000000021c20000)]
  0x000000001b262000 JavaThread "jar transforms Thread 22" [_thread_blocked, id=13536, stack(0x0000000021a20000,0x0000000021b20000)]
  0x000000001b261800 JavaThread "jar transforms Thread 21" [_thread_blocked, id=14580, stack(0x0000000021920000,0x0000000021a20000)]
  0x000000001b268000 JavaThread "jar transforms Thread 20" [_thread_blocked, id=13236, stack(0x0000000021820000,0x0000000021920000)]
  0x000000001b265000 JavaThread "jar transforms Thread 19" [_thread_blocked, id=10812, stack(0x0000000021720000,0x0000000021820000)]
  0x000000001b264800 JavaThread "jar transforms Thread 18" [_thread_blocked, id=10292, stack(0x0000000021620000,0x0000000021720000)]
  0x000000001b263000 JavaThread "jar transforms Thread 17" [_thread_blocked, id=3876, stack(0x0000000021520000,0x0000000021620000)]
  0x000000001b263800 JavaThread "jar transforms Thread 16" [_thread_blocked, id=6912, stack(0x0000000021420000,0x0000000021520000)]
  0x000000001a0d2000 JavaThread "jar transforms Thread 15" [_thread_blocked, id=8864, stack(0x0000000021320000,0x0000000021420000)]
  0x000000001a0d1800 JavaThread "jar transforms Thread 14" [_thread_blocked, id=11312, stack(0x0000000021220000,0x0000000021320000)]
  0x000000001a0cd000 JavaThread "jar transforms Thread 13" [_thread_blocked, id=6224, stack(0x0000000021120000,0x0000000021220000)]
  0x000000001a0d0000 JavaThread "jar transforms Thread 12" [_thread_blocked, id=8164, stack(0x0000000021020000,0x0000000021120000)]
  0x000000001a0cd800 JavaThread "jar transforms Thread 11" [_thread_blocked, id=1476, stack(0x0000000020f20000,0x0000000021020000)]
  0x000000001a0cf000 JavaThread "jar transforms Thread 10" [_thread_blocked, id=11896, stack(0x0000000020e20000,0x0000000020f20000)]
  0x000000001a0ce800 JavaThread "jar transforms Thread 9" [_thread_blocked, id=8244, stack(0x0000000020d20000,0x0000000020e20000)]
  0x000000001a0d0800 JavaThread "jar transforms Thread 8" [_thread_blocked, id=13856, stack(0x0000000020c20000,0x0000000020d20000)]
  0x000000001a0c5800 JavaThread "jar transforms Thread 7" [_thread_blocked, id=8716, stack(0x0000000020b20000,0x0000000020c20000)]
  0x000000001a0cc000 JavaThread "jar transforms Thread 6" [_thread_blocked, id=9348, stack(0x0000000020a20000,0x0000000020b20000)]
  0x000000001a0ca800 JavaThread "jar transforms Thread 5" [_thread_blocked, id=14292, stack(0x0000000020920000,0x0000000020a20000)]
  0x000000001a0c4800 JavaThread "jar transforms Thread 4" [_thread_blocked, id=5860, stack(0x0000000020820000,0x0000000020920000)]
  0x000000001a0cb800 JavaThread "jar transforms Thread 3" [_thread_blocked, id=5168, stack(0x0000000020720000,0x0000000020820000)]
  0x000000001a0c9000 JavaThread "jar transforms Thread 2" [_thread_blocked, id=3816, stack(0x0000000020620000,0x0000000020720000)]
  0x000000001a0c8800 JavaThread "Build operations Thread 4" [_thread_blocked, id=4532, stack(0x0000000020520000,0x0000000020620000)]
  0x000000001a0c3800 JavaThread "Build operations Thread 3" [_thread_blocked, id=3544, stack(0x0000000020420000,0x0000000020520000)]
  0x000000001a0c7800 JavaThread "Build operations Thread 2" [_thread_blocked, id=10484, stack(0x0000000020320000,0x0000000020420000)]
  0x000000001a0c6000 JavaThread "Build operations" [_thread_blocked, id=15496, stack(0x0000000020220000,0x0000000020320000)]
  0x000000001aa5c000 JavaThread "Cache worker for file content cache (C:\Users\BK\.gradle\caches\6.5\fileContent)" [_thread_blocked, id=9976, stack(0x000000001fb20000,0x000000001fc20000)]
  0x000000001aa5a800 JavaThread "jar transforms" [_thread_blocked, id=11532, stack(0x000000001fa20000,0x000000001fb20000)]
  0x000000001aa59000 JavaThread "Cache worker for execution history cache (C:\Users\BK\.gradle\caches\6.5\executionHistory)" [_thread_blocked, id=7404, stack(0x000000001f320000,0x000000001f420000)]
  0x000000001aa57000 JavaThread "Cache worker for cache directory md-rule (C:\Users\BK\.gradle\caches\6.5\md-rule)" [_thread_blocked, id=15904, stack(0x000000001f220000,0x000000001f320000)]
  0x000000001aa5d800 JavaThread "Cache worker for cache directory md-supplier (C:\Users\BK\.gradle\caches\6.5\md-supplier)" [_thread_blocked, id=15104, stack(0x000000001f120000,0x000000001f220000)]
  0x000000001aa58800 JavaThread "Cache worker for checksums cache (C:\Users\BK\AndroidStudioProjects\Reading_teacher\.gradle\checksums)" [_thread_blocked, id=1572, stack(0x000000001eba0000,0x000000001eca0000)]
  0x000000001aa5b800 JavaThread "Cache worker for file hash cache (C:\Users\BK\AndroidStudioProjects\Reading_teacher\.gradle\6.5\fileHashes)" [_thread_blocked, id=7500, stack(0x000000001eaa0000,0x000000001eba0000)]
  0x000000001aa5a000 JavaThread "Cache worker for file hash cache (C:\Users\BK\.gradle\caches\6.5\fileHashes)" [_thread_blocked, id=8092, stack(0x000000001d7d0000,0x000000001d8d0000)]
  0x000000001aa57800 JavaThread "File lock request listener" [_thread_in_native, id=15244, stack(0x000000001d6d0000,0x000000001d7d0000)]
  0x000000001a98f800 JavaThread "Cache worker for journal cache (C:\Users\BK\.gradle\caches\journal-1)" [_thread_blocked, id=380, stack(0x000000001d4d0000,0x000000001d5d0000)]
  0x000000001a49f000 JavaThread "Thread-9" [_thread_blocked, id=6960, stack(0x000000001d1d0000,0x000000001d2d0000)]
  0x0000000019229800 JavaThread "Stdin handler" [_thread_blocked, id=15692, stack(0x000000001d0d0000,0x000000001d1d0000)]
  0x000000001947e800 JavaThread "Asynchronous log dispatcher for DefaultDaemonConnection: socket connection from /127.0.0.1:62217 to /127.0.0.1:62220" [_thread_blocked, id=15592, stack(0x000000001cfd0000,0x000000001d0d0000)]
  0x000000001a4e9800 JavaThread "Daemon worker" [_thread_in_vm, id=16196, stack(0x000000001ced0000,0x000000001cfd0000)]
  0x000000001a4ee000 JavaThread "Cancel handler" [_thread_blocked, id=12660, stack(0x000000001cdd0000,0x000000001ced0000)]
  0x000000001b25b000 JavaThread "Handler for socket connection from /127.0.0.1:62217 to /127.0.0.1:62220" [_thread_in_native, id=14564, stack(0x000000001ccd0000,0x000000001cdd0000)]
  0x000000001b248800 JavaThread "Daemon" [_thread_blocked, id=9628, stack(0x000000001cbd0000,0x000000001ccd0000)]
  0x000000001b25f800 JavaThread "Daemon periodic checks" [_thread_blocked, id=12924, stack(0x000000001c8d0000,0x000000001c9d0000)]
  0x000000001b196800 JavaThread "Incoming local TCP Connector on port 62217" [_thread_in_native, id=5612, stack(0x000000001c690000,0x000000001c790000)]
  0x000000001acd1800 JavaThread "Daemon health stats" [_thread_blocked, id=11148, stack(0x000000001c050000,0x000000001c150000)]
  0x00000000190e0800 JavaThread "Service Thread" daemon [_thread_blocked, id=11780, stack(0x00000000194b0000,0x00000000195b0000)]
  0x0000000017763000 JavaThread "C1 CompilerThread2" daemon [_thread_blocked, id=7004, stack(0x0000000018fb0000,0x00000000190b0000)]
=>0x000000001775a800 JavaThread "C2 CompilerThread1" daemon [_thread_in_native, id=9560, stack(0x0000000018eb0000,0x0000000018fb0000)]
  0x0000000017752800 JavaThread "C2 CompilerThread0" daemon [_thread_blocked, id=9220, stack(0x0000000018db0000,0x0000000018eb0000)]
  0x0000000017751000 JavaThread "Attach Listener" daemon [_thread_blocked, id=14284, stack(0x0000000018cb0000,0x0000000018db0000)]
  0x0000000017757000 JavaThread "Signal Dispatcher" daemon [_thread_blocked, id=15676, stack(0x0000000018bb0000,0x0000000018cb0000)]
  0x0000000002b2b000 JavaThread "Finalizer" daemon [_thread_blocked, id=11116, stack(0x00000000189b0000,0x0000000018ab0000)]
  0x0000000017739000 JavaThread "Reference Handler" daemon [_thread_blocked, id=14492, stack(0x00000000188b0000,0x00000000189b0000)]
  0x000000000297d800 JavaThread "main" [_thread_blocked, id=13644, stack(0x0000000002830000,0x0000000002930000)]

Other Threads:
  0x0000000017716800 VMThread [stack: 0x00000000187b0000,0x00000000188b0000] [id=7240]
  0x00000000177ae000 WatcherThread [stack: 0x00000000195b0000,0x00000000196b0000] [id=15660]

VM state:not at safepoint (normal execution)

VM Mutex/Monitor currently owned by a thread: None

heap address: 0x0000000080000000, size: 2048 MB, Compressed Oops mode: 32-bit
Narrow klass base: 0x0000000000000000, Narrow klass shift: 3
Compressed class space size: 1073741824 Address: 0x0000000100000000

Heap:
 PSYoungGen      total 101888K, used 9918K [0x00000000d5580000, 0x00000000dd680000, 0x0000000100000000)
  eden space 88064K, 11% used [0x00000000d5580000,0x00000000d5f2fb30,0x00000000dab80000)
  from space 13824K, 0% used [0x00000000dab80000,0x00000000dab80000,0x00000000db900000)
  to   space 14336K, 0% used [0x00000000dc880000,0x00000000dc880000,0x00000000dd680000)
 ParOldGen       total 56320K, used 33198K [0x0000000080000000, 0x0000000083700000, 0x00000000d5580000)
  object space 56320K, 58% used [0x0000000080000000,0x000000008206baa0,0x0000000083700000)
 Metaspace       used 57501K, capacity 59794K, committed 60056K, reserved 1101824K
  class space    used 7894K, capacity 8358K, committed 8368K, reserved 1048576K

Card table byte_map: [0x0000000011ef0000,0x0000000012300000] byte_map_base: 0x0000000011af0000

Marking Bits: (ParMarkBitMap*) 0x000000005f02f030
 Begin Bits: [0x00000000129b0000, 0x00000000149b0000)
 End Bits:   [0x00000000149b0000, 0x00000000169b0000)

Polling page: 0x00000000007f0000

CodeCache: size=245760Kb used=16171Kb max_used=16323Kb free=229588Kb
 bounds [0x0000000002b30000, 0x0000000003b40000, 0x0000000011b30000]
 total_blobs=5473 nmethods=4698 adapters=688
 compilation: enabled

Compilation events (10 events):
Event: 64.603 Thread 0x0000000017763000 5232       3       java.util.logging.LogManager$LoggerContext::requiresDefaultLoggers (29 bytes)
Event: 64.603 Thread 0x0000000017763000 nmethod 5232 0x0000000002f31450 code [0x0000000002f315c0, 0x0000000002f319e8]
Event: 64.604 Thread 0x0000000017763000 5233       3       java.util.logging.LogManager::access$100 (4 bytes)
Event: 64.604 Thread 0x0000000017763000 nmethod 5233 0x0000000002fc4a90 code [0x0000000002fc4be0, 0x0000000002fc4d10]
Event: 64.656 Thread 0x0000000017752800 5234   !   4       java.net.URLClassLoader::definePackageInternal (81 bytes)
Event: 64.740 Thread 0x0000000017763000 5236   !   3       java.lang.Class::desiredAssertionStatus (54 bytes)
Event: 64.744 Thread 0x0000000017763000 nmethod 5236 0x00000000031eff90 code [0x00000000031f01c0, 0x00000000031f1158]
Event: 64.754 Thread 0x0000000017752800 nmethod 5234 0x0000000002c7a8d0 code [0x0000000002c7ac00, 0x0000000002c7c850]
Event: 64.754 Thread 0x0000000017752800 5235       4       org.gradle.internal.util.Trie::find (135 bytes)
Event: 64.760 Thread 0x0000000017752800 nmethod 5235 0x0000000003440d90 code [0x0000000003440ee0, 0x0000000003441118]

GC Heap History (10 events):
Event: 52.365 GC heap before
{Heap before GC invocations=16 (full 2):
 PSYoungGen      total 68608K, used 59904K [0x00000000d5580000, 0x00000000dae80000, 0x0000000100000000)
  eden space 59904K, 100% used [0x00000000d5580000,0x00000000d9000000,0x00000000d9000000)
  from space 8704K, 0% used [0x00000000d9000000,0x00000000d9000000,0x00000000d9880000)
  to   space 8192K, 0% used [0x00000000da680000,0x00000000da680000,0x00000000dae80000)
 ParOldGen       total 56320K, used 15219K [0x0000000080000000, 0x0000000083700000, 0x00000000d5580000)
  object space 56320K, 27% used [0x0000000080000000,0x0000000080edcf50,0x0000000083700000)
 Metaspace       used 36407K, capacity 37830K, committed 38056K, reserved 1081344K
  class space    used 4987K, capacity 5296K, committed 5296K, reserved 1048576K
Event: 52.440 GC heap after
Heap after GC invocations=16 (full 2):
 PSYoungGen      total 82944K, used 4230K [0x00000000d5580000, 0x00000000dae80000, 0x0000000100000000)
  eden space 74752K, 0% used [0x00000000d5580000,0x00000000d5580000,0x00000000d9e80000)
  from space 8192K, 51% used [0x00000000da680000,0x00000000daaa1b18,0x00000000dae80000)
  to   space 8192K, 0% used [0x00000000d9e80000,0x00000000d9e80000,0x00000000da680000)
 ParOldGen       total 56320K, used 15227K [0x0000000080000000, 0x0000000083700000, 0x00000000d5580000)
  object space 56320K, 27% used [0x0000000080000000,0x0000000080edef50,0x0000000083700000)
 Metaspace       used 36407K, capacity 37830K, committed 38056K, reserved 1081344K
  class space    used 4987K, capacity 5296K, committed 5296K, reserved 1048576K
}
Event: 56.653 GC heap before
{Heap before GC invocations=17 (full 2):
 PSYoungGen      total 82944K, used 78982K [0x00000000d5580000, 0x00000000dae80000, 0x0000000100000000)
  eden space 74752K, 100% used [0x00000000d5580000,0x00000000d9e80000,0x00000000d9e80000)
  from space 8192K, 51% used [0x00000000da680000,0x00000000daaa1b18,0x00000000dae80000)
  to   space 8192K, 0% used [0x00000000d9e80000,0x00000000d9e80000,0x00000000da680000)
 ParOldGen       total 56320K, used 15227K [0x0000000080000000, 0x0000000083700000, 0x00000000d5580000)
  object space 56320K, 27% used [0x0000000080000000,0x0000000080edef50,0x0000000083700000)
 Metaspace       used 44089K, capacity 45850K, committed 46120K, reserved 1089536K
  class space    used 5965K, capacity 6349K, committed 6448K, reserved 1048576K
Event: 56.681 GC heap after
Heap after GC invocations=17 (full 2):
 PSYoungGen      total 82944K, used 8179K [0x00000000d5580000, 0x00000000dc380000, 0x0000000100000000)
  eden space 74752K, 0% used [0x00000000d5580000,0x00000000d5580000,0x00000000d9e80000)
  from space 8192K, 99% used [0x00000000d9e80000,0x00000000da67ce60,0x00000000da680000)
  to   space 10752K, 0% used [0x00000000db900000,0x00000000db900000,0x00000000dc380000)
 ParOldGen       total 56320K, used 18877K [0x0000000080000000, 0x0000000083700000, 0x00000000d5580000)
  object space 56320K, 33% used [0x0000000080000000,0x000000008126f528,0x0000000083700000)
 Metaspace       used 44089K, capacity 45850K, committed 46120K, reserved 1089536K
  class space    used 5965K, capacity 6349K, committed 6448K, reserved 1048576K
}
Event: 58.944 GC heap before
{Heap before GC invocations=18 (full 2):
 PSYoungGen      total 82944K, used 82931K [0x00000000d5580000, 0x00000000dc380000, 0x0000000100000000)
  eden space 74752K, 100% used [0x00000000d5580000,0x00000000d9e80000,0x00000000d9e80000)
  from space 8192K, 99% used [0x00000000d9e80000,0x00000000da67ce60,0x00000000da680000)
  to   space 10752K, 0% used [0x00000000db900000,0x00000000db900000,0x00000000dc380000)
 ParOldGen       total 56320K, used 18877K [0x0000000080000000, 0x0000000083700000, 0x00000000d5580000)
  object space 56320K, 33% used [0x0000000080000000,0x000000008126f528,0x0000000083700000)
 Metaspace       used 50739K, capacity 52760K, committed 53032K, reserved 1095680K
  class space    used 6781K, capacity 7173K, committed 7216K, reserved 1048576K
Event: 59.002 GC heap after
Heap after GC invocations=18 (full 2):
 PSYoungGen      total 98816K, used 10727K [0x00000000d5580000, 0x00000000dcb00000, 0x0000000100000000)
  eden space 88064K, 0% used [0x00000000d5580000,0x00000000d5580000,0x00000000dab80000)
  from space 10752K, 99% used [0x00000000db900000,0x00000000dc379f38,0x00000000dc380000)
  to   space 13824K, 0% used [0x00000000dab80000,0x00000000dab80000,0x00000000db900000)
 ParOldGen       total 56320K, used 24160K [0x0000000080000000, 0x0000000083700000, 0x00000000d5580000)
  object space 56320K, 42% used [0x0000000080000000,0x00000000817983d8,0x0000000083700000)
 Metaspace       used 50739K, capacity 52760K, committed 53032K, reserved 1095680K
  class space    used 6781K, capacity 7173K, committed 7216K, reserved 1048576K
}
Event: 62.747 GC heap before
{Heap before GC invocations=19 (full 2):
 PSYoungGen      total 98816K, used 88134K [0x00000000d5580000, 0x00000000dcb00000, 0x0000000100000000)
  eden space 88064K, 87% used [0x00000000d5580000,0x00000000da1178f0,0x00000000dab80000)
  from space 10752K, 99% used [0x00000000db900000,0x00000000dc379f38,0x00000000dc380000)
  to   space 13824K, 0% used [0x00000000dab80000,0x00000000dab80000,0x00000000db900000)
 ParOldGen       total 56320K, used 24160K [0x0000000080000000, 0x0000000083700000, 0x00000000d5580000)
  object space 56320K, 42% used [0x0000000080000000,0x00000000817983d8,0x0000000083700000)
 Metaspace       used 56829K, capacity 59138K, committed 59160K, reserved 1099776K
  class space    used 7771K, capacity 8238K, committed 8240K, reserved 1048576K
Event: 62.863 GC heap after
Heap after GC invocations=19 (full 2):
 PSYoungGen      total 101888K, used 9295K [0x00000000d5580000, 0x00000000dd680000, 0x0000000100000000)
  eden space 88064K, 0% used [0x00000000d5580000,0x00000000d5580000,0x00000000dab80000)
  from space 13824K, 67% used [0x00000000dab80000,0x00000000db493d58,0x00000000db900000)
  to   space 14336K, 0% used [0x00000000dc880000,0x00000000dc880000,0x00000000dd680000)
 ParOldGen       total 56320K, used 33851K [0x0000000080000000, 0x0000000083700000, 0x00000000d5580000)
  object space 56320K, 60% used [0x0000000080000000,0x000000008210ecd0,0x0000000083700000)
 Metaspace       used 56829K, capacity 59138K, committed 59160K, reserved 1099776K
  class space    used 7771K, capacity 8238K, committed 8240K, reserved 1048576K
}
Event: 62.863 GC heap before
{Heap before GC invocations=20 (full 3):
 PSYoungGen      total 101888K, used 9295K [0x00000000d5580000, 0x00000000dd680000, 0x0000000100000000)
  eden space 88064K, 0% used [0x00000000d5580000,0x00000000d5580000,0x00000000dab80000)
  from space 13824K, 67% used [0x00000000dab80000,0x00000000db493d58,0x00000000db900000)
  to   space 14336K, 0% used [0x00000000dc880000,0x00000000dc880000,0x00000000dd680000)
 ParOldGen       total 56320K, used 33851K [0x0000000080000000, 0x0000000083700000, 0x00000000d5580000)
  object space 56320K, 60% used [0x0000000080000000,0x000000008210ecd0,0x0000000083700000)
 Metaspace       used 56829K, capacity 59138K, committed 59160K, reserved 1099776K
  class space    used 7771K, capacity 8238K, committed 8240K, reserved 1048576K
Event: 64.352 GC heap after
Heap after GC invocations=20 (full 3):
 PSYoungGen      total 101888K, used 0K [0x00000000d5580000, 0x00000000dd680000, 0x0000000100000000)
  eden space 88064K, 0% used [0x00000000d5580000,0x00000000d5580000,0x00000000dab80000)
  from space 13824K, 0% used [0x00000000dab80000,0x00000000dab80000,0x00000000db900000)
  to   space 14336K, 0% used [0x00000000dc880000,0x00000000dc880000,0x00000000dd680000)
 ParOldGen       total 56320K, used 33198K [0x0000000080000000, 0x0000000083700000, 0x00000000d5580000)
  object space 56320K, 58% used [0x0000000080000000,0x000000008206baa0,0x0000000083700000)
 Metaspace       used 56815K, capacity 59090K, committed 59160K, reserved 1099776K
  class space    used 7766K, capacity 8230K, committed 8240K, reserved 1048576K
}

Deoptimization events (10 events):
Event: 61.981 Thread 0x000000001a4e9800 Uncommon trap: reason=unstable_if action=reinterpret pc=0x000000000379ac20 method=org.objectweb.asm.ByteVector.putInt(I)Lorg/objectweb/asm/ByteVector; @ 13
Event: 62.065 Thread 0x000000001a4e9800 Uncommon trap: reason=unstable_if action=reinterpret pc=0x0000000002e877f4 method=java.util.HashMap.resize()[Ljava/util/HashMap$Node; @ 206
Event: 62.066 Thread 0x000000001a4e9800 Uncommon trap: reason=unstable_if action=reinterpret pc=0x00000000033dcc34 method=java.util.HashMap.getNode(ILjava/lang/Object;)Ljava/util/HashMap$Node; @ 84
Event: 62.066 Thread 0x000000001a4e9800 Uncommon trap: reason=unstable_if action=reinterpret pc=0x00000000039d56b0 method=java.util.HashMap.getNode(ILjava/lang/Object;)Ljava/util/HashMap$Node; @ 84
Event: 62.179 Thread 0x000000001a4e9800 Uncommon trap: reason=unstable_if action=reinterpret pc=0x000000000350c200 method=java.io.WinNTFileSystem.normalize(Ljava/lang/String;)Ljava/lang/String; @ 74
Event: 62.221 Thread 0x000000001a4e9800 Uncommon trap: reason=unstable_if action=reinterpret pc=0x0000000003162538 method=java.io.WinNTFileSystem.normalize(Ljava/lang/String;II)Ljava/lang/String; @ 103
Event: 64.440 Thread 0x000000001a4e9800 Uncommon trap: reason=bimorphic action=maybe_recompile pc=0x00000000038c17d0 method=java.util.regex.Pattern$5.isSatisfiedBy(I)Z @ 16
Event: 64.440 Thread 0x000000001a4e9800 Uncommon trap: reason=bimorphic action=maybe_recompile pc=0x00000000038c17d0 method=java.util.regex.Pattern$5.isSatisfiedBy(I)Z @ 16
Event: 64.440 Thread 0x000000001a4e9800 Uncommon trap: reason=bimorphic action=maybe_recompile pc=0x00000000038c17d0 method=java.util.regex.Pattern$5.isSatisfiedBy(I)Z @ 16
Event: 64.441 Thread 0x000000001a4e9800 Uncommon trap: reason=bimorphic action=maybe_recompile pc=0x00000000038c17d0 method=java.util.regex.Pattern$5.isSatisfiedBy(I)Z @ 16

Classes redefined (0 events):
No events

Internal exceptions (10 events):
Event: 61.104 Thread 0x000000001a4e9800 Exception <a 'java/lang/ClassNotFoundException': com/android/build/gradle/internal/api/ApkVariantOutputImpl_DecoratedBeanInfo> (0x00000000d8abd440) thrown at [C:\src\AOSP-openjdk-git\hotspot\src\share\vm\classfile\systemDictionary.cpp, line 210]
Event: 61.105 Thread 0x000000001a4e9800 Exception <a 'java/lang/ClassNotFoundException': com/android/build/gradle/internal/api/ApkVariantOutputImplBeanInfo> (0x00000000d8ada6d0) thrown at [C:\src\AOSP-openjdk-git\hotspot\src\share\vm\classfile\systemDictionary.cpp, line 210]
Event: 61.107 Thread 0x000000001a4e9800 Exception <a 'java/lang/ClassNotFoundException': com/android/build/gradle/internal/api/BaseVariantOutputImplBeanInfo> (0x00000000d8af8b08) thrown at [C:\src\AOSP-openjdk-git\hotspot\src\share\vm\classfile\systemDictionary.cpp, line 210]
Event: 61.108 Thread 0x000000001a4e9800 Exception <a 'java/lang/ClassNotFoundException': com/android/build/gradle/internal/api/BaseVariantOutputImplCustomizer> (0x00000000d8b174a0) thrown at [C:\src\AOSP-openjdk-git\hotspot\src\share\vm\classfile\systemDictionary.cpp, line 210]
Event: 61.340 Thread 0x000000001a4e9800 Exception <a 'java/lang/ClassNotFoundException': com/android/build/gradle/internal/api/ApkVariantOutputImplCustomizer> (0x00000000d8b4fc68) thrown at [C:\src\AOSP-openjdk-git\hotspot\src\share\vm\classfile\systemDictionary.cpp, line 210]
Event: 61.497 Thread 0x000000001a4e9800 Exception <a 'java/lang/ClassNotFoundException': com/android/build/gradle/internal/api/ApkVariantOutputImpl_DecoratedCustomizer> (0x00000000d8b83a08) thrown at [C:\src\AOSP-openjdk-git\hotspot\src\share\vm\classfile\systemDictionary.cpp, line 210]
Event: 62.361 Thread 0x000000001a4e9800 Exception <a 'java/lang/NoSuchMethodError': java.lang.Object.lambda$static$0(Lorg/gradle/api/internal/tasks/TaskDependencyResolveContext;)V> (0x00000000d963aeb8) thrown at [C:\src\AOSP-openjdk-git\hotspot\src\share\vm\interpreter\linkResolver.cpp, line 62
Event: 62.722 Thread 0x000000001a4e9800 Exception <a 'sun/nio/fs/WindowsException'> (0x00000000d9fc1040) thrown at [C:\src\AOSP-openjdk-git\hotspot\src\share\vm\prims\jni.cpp, line 710]
Event: 64.549 Thread 0x000000001a4e9800 Exception <a 'java/lang/ClassNotFoundException': com/sun/org/glassfish/hk2/osgiresourcelocator/ServiceLoader> (0x00000000d58bfc98) thrown at [C:\src\AOSP-openjdk-git\hotspot\src\share\vm\classfile\systemDictionary.cpp, line 210]
Event: 64.740 Thread 0x000000001a4e9800 Exception <a 'java/lang/NullPointerException'> (0x00000000d5d3d9a0) thrown at [C:\src\AOSP-openjdk-git\hotspot\src\share\vm\interpreter\linkResolver.cpp, line 1287]

Events (10 events):
Event: 64.759 loading class com/sun/xml/bind/v2/model/impl/RuntimeBuiltinLeafInfoImpl
Event: 64.759 loading class com/sun/xml/bind/v2/model/impl/RuntimeBuiltinLeafInfoImpl done
Event: 64.761 loading class com/sun/xml/bind/v2/model/runtime/RuntimeBuiltinLeafInfo
Event: 64.761 loading class com/sun/xml/bind/v2/model/runtime/RuntimeBuiltinLeafInfo done
Event: 64.762 loading class com/sun/xml/bind/v2/model/core/BuiltinLeafInfo
Event: 64.762 loading class com/sun/xml/bind/v2/model/core/BuiltinLeafInfo done
Event: 64.764 loading class com/sun/xml/bind/v2/model/impl/BuiltinLeafInfoImpl
Event: 64.764 loading class com/sun/xml/bind/v2/model/impl/BuiltinLeafInfoImpl done
Event: 64.765 loading class com/sun/xml/bind/v2/model/impl/LeafInfoImpl
Event: 64.765 loading class com/sun/xml/bind/v2/model/impl/LeafInfoImpl done


Dynamic libraries:
0x00007ff758c60000 - 0x00007ff758c91000 	C:\Program Files\Android\Android Studio\jre\bin\java.exe
0x00007ffe73a20000 - 0x00007ffe73c10000 	C:\WINDOWS\SYSTEM32\ntdll.dll
0x00007ffe72af0000 - 0x00007ffe72ba2000 	C:\WINDOWS\System32\KERNEL32.DLL
0x00007ffe71040000 - 0x00007ffe712e5000 	C:\WINDOWS\System32\KERNELBASE.dll
0x00007ffe723f0000 - 0x00007ffe72493000 	C:\WINDOWS\System32\ADVAPI32.dll
0x00007ffe73910000 - 0x00007ffe739ae000 	C:\WINDOWS\System32\msvcrt.dll
0x00007ffe72a50000 - 0x00007ffe72ae7000 	C:\WINDOWS\System32\sechost.dll
0x00007ffe73180000 - 0x00007ffe7329f000 	C:\WINDOWS\System32\RPCRT4.dll
0x00007ffe727e0000 - 0x00007ffe72974000 	C:\WINDOWS\System32\USER32.dll
0x00007ffe70a20000 - 0x00007ffe70a41000 	C:\WINDOWS\System32\win32u.dll
0x00007ffe739b0000 - 0x00007ffe739d6000 	C:\WINDOWS\System32\GDI32.dll
0x00007ffe70a50000 - 0x00007ffe70be8000 	C:\WINDOWS\System32\gdi32full.dll
0x00007ffe70fa0000 - 0x00007ffe7103e000 	C:\WINDOWS\System32\msvcp_win.dll
0x00007ffe70da0000 - 0x00007ffe70e9a000 	C:\WINDOWS\System32\ucrtbase.dll
0x00007ffe525d0000 - 0x00007ffe52854000 	C:\WINDOWS\WinSxS\amd64_microsoft.windows.common-controls_6595b64144ccf1df_6.0.18362.1440_none_9e7dbfb9e45e8e67\COMCTL32.dll
0x00007ffe724a0000 - 0x00007ffe727d6000 	C:\WINDOWS\System32\combase.dll
0x00007ffe70990000 - 0x00007ffe70a11000 	C:\WINDOWS\System32\bcryptPrimitives.dll
0x00007ffe73150000 - 0x00007ffe7317e000 	C:\WINDOWS\System32\IMM32.DLL
0x000000005dd10000 - 0x000000005dde2000 	C:\Program Files\Android\Android Studio\jre\jre\bin\msvcr100.dll
0x000000005e860000 - 0x000000005f0ab000 	C:\Program Files\Android\Android Studio\jre\jre\bin\server\jvm.dll
0x00007ffe723d0000 - 0x00007ffe723d8000 	C:\WINDOWS\System32\PSAPI.DLL
0x00007ffe660b0000 - 0x00007ffe660ba000 	C:\WINDOWS\SYSTEM32\VERSION.dll
0x00007ffe4e800000 - 0x00007ffe4e809000 	C:\WINDOWS\SYSTEM32\WSOCK32.dll
0x00007ffe6cc60000 - 0x00007ffe6cc84000 	C:\WINDOWS\SYSTEM32\WINMM.dll
0x00007ffe6cdf0000 - 0x00007ffe6ce1d000 	C:\WINDOWS\SYSTEM32\WINMMBASE.dll
0x00007ffe732a0000 - 0x00007ffe7330f000 	C:\WINDOWS\System32\WS2_32.dll
0x00007ffe70ea0000 - 0x00007ffe70eea000 	C:\WINDOWS\System32\cfgmgr32.dll
0x00007ffe6a150000 - 0x00007ffe6a15f000 	C:\Program Files\Android\Android Studio\jre\jre\bin\verify.dll
0x00007ffe51ea0000 - 0x00007ffe51ec9000 	C:\Program Files\Android\Android Studio\jre\jre\bin\java.dll
0x00007ffe51e80000 - 0x00007ffe51e96000 	C:\Program Files\Android\Android Studio\jre\jre\bin\zip.dll
0x00007ffe71ce0000 - 0x00007ffe723c8000 	C:\WINDOWS\System32\SHELL32.dll
0x00007ffe73860000 - 0x00007ffe73907000 	C:\WINDOWS\System32\shcore.dll
0x00007ffe71350000 - 0x00007ffe71acb000 	C:\WINDOWS\System32\windows.storage.dll
0x00007ffe70970000 - 0x00007ffe7098e000 	C:\WINDOWS\System32\profapi.dll
0x00007ffe70900000 - 0x00007ffe7094a000 	C:\WINDOWS\System32\powrprof.dll
0x00007ffe708d0000 - 0x00007ffe708e0000 	C:\WINDOWS\System32\UMPDC.dll
0x00007ffe72cb0000 - 0x00007ffe72d02000 	C:\WINDOWS\System32\shlwapi.dll
0x00007ffe708e0000 - 0x00007ffe708f1000 	C:\WINDOWS\System32\kernel.appcore.dll
0x00007ffe70bf0000 - 0x00007ffe70c07000 	C:\WINDOWS\System32\cryptsp.dll
0x00007ffe50b50000 - 0x00007ffe50b6a000 	C:\Program Files\Android\Android Studio\jre\jre\bin\net.dll
0x00007ffe70110000 - 0x00007ffe70177000 	C:\WINDOWS\system32\mswsock.dll
0x00007ffe4fff0000 - 0x00007ffe50003000 	C:\Program Files\Android\Android Studio\jre\jre\bin\nio.dll
0x00007ffe3c440000 - 0x00007ffe3c467000 	C:\Users\BK\.gradle\native\f6784746aeab05261644944871eae4fe03e0ef1612fff0a4a95f87b438bc6780\windows-amd64\native-platform.dll
0x00007ffe56ff0000 - 0x00007ffe56ffd000 	C:\Program Files\Android\Android Studio\jre\jre\bin\management.dll
0x00007ffe6fc90000 - 0x00007ffe6fcc3000 	C:\WINDOWS\system32\rsaenh.dll
0x00007ffe70d70000 - 0x00007ffe70d96000 	C:\WINDOWS\System32\bcrypt.dll
0x00007ffe707b0000 - 0x00007ffe707d5000 	C:\WINDOWS\SYSTEM32\USERENV.dll
0x00007ffe702e0000 - 0x00007ffe702ec000 	C:\WINDOWS\SYSTEM32\CRYPTBASE.dll
0x00007ffe6fe20000 - 0x00007ffe6fe5a000 	C:\WINDOWS\SYSTEM32\IPHLPAPI.DLL
0x00007ffe73380000 - 0x00007ffe73388000 	C:\WINDOWS\System32\NSI.dll
0x00007ffe66090000 - 0x00007ffe660a6000 	C:\WINDOWS\SYSTEM32\dhcpcsvc6.DLL
0x00007ffe665f0000 - 0x00007ffe6660c000 	C:\WINDOWS\SYSTEM32\dhcpcsvc.DLL
0x00007ffe6fe60000 - 0x00007ffe6ff2b000 	C:\WINDOWS\SYSTEM32\DNSAPI.dll
0x00007ffe67e90000 - 0x00007ffe67e9b000 	C:\WINDOWS\SYSTEM32\WINNSI.DLL

VM Arguments:
jvm_args: -Xmx2048m -Dfile.encoding=UTF-8 -Duser.country=CZ -Duser.language=cs -Duser.variant 
java_command: org.gradle.launcher.daemon.bootstrap.GradleDaemon 6.5
java_class_path (initial): C:\Users\BK\.gradle\wrapper\dists\gradle-6.5-bin\6nifqtx7604sqp1q6g8wikw7p\gradle-6.5\lib\gradle-launcher-6.5.jar
Launcher Type: SUN_STANDARD

Environment Variables:
PATH=C:\Program Files (x86)\Intel\iCLS Client\;C:\Program Files (x86)\Common Files\Oracle\Java\javapath;C:\Program Files\Intel\iCLS Client\;C:\WINDOWS\system32;C:\WINDOWS;C:\WINDOWS\System32\Wbem;C:\WINDOWS\System32\WindowsPowerShell\v1.0\;C:\WINDOWS\System32\OpenSSH\;C:\Program Files (x86)\Intel\Intel(R) Management Engine Components\DAL;C:\Program Files\Intel\Intel(R) Management Engine Components\DAL;C:\Program Files (x86)\Intel\Intel(R) Management Engine Components\IPT;C:\Program Files\Intel\Intel(R) Management Engine Components\IPT;C:\Users\BK\AppData\Local\Microsoft\WindowsApps;
USERNAME=BK
OS=Windows_NT
PROCESSOR_IDENTIFIER=Intel64 Family 6 Model 78 Stepping 3, GenuineIntel



---------------  S Y S T E M  ---------------

OS: Windows 10.0 , 64 bit Build 18362 (10.0.18362.1350)

CPU:total 4 (initial active 4) (2 cores per cpu, 2 threads per core) family 6 model 78 stepping 3, cmov, cx8, fxsr, mmx, sse, sse2, sse3, ssse3, sse4.1, sse4.2, popcnt, avx, avx2, aes, clmul, erms, 3dnowpref, lzcnt, ht, tsc, tscinvbit, bmi1, bmi2, adx

Memory: 4k page, physical 4056852k(86828k free), swap 16639764k(5444k free)

vm_info: OpenJDK 64-Bit Server VM (25.242-b01) for windows-amd64 JRE (1.8.0_242-release-1644-b01), built by "builder" with MS VC++ 10.0 (VS2010)

time: Tue Apr 06 18:59:25 2021
timezone: Støední Evropa (letní èas)
elapsed time: 64 seconds (0d 0h 1m 4s)

